2024-12-02 21:47:46,453 - printer - INFO - 正在连接打印机 192.168.1.200:9100
2024-12-02 21:47:46,457 - printer - INFO - 打印机初始化完成
2024-12-02 21:47:46,457 - printer - INFO - 打印机连接成功
2024-12-02 21:47:48,258 - printer - INFO - 正在连接打印机 192.168.1.200:9100
2024-12-02 21:47:48,263 - printer - INFO - 打印机初始化完成
2024-12-02 21:47:48,263 - printer - INFO - 打印机连接成功
2024-12-02 21:47:50,873 - printer - INFO - 成功打印内容: [2024-12-02 21:47:50] test...
2024-12-02 21:47:54,084 - printer - INFO - 成功打印内容: [2024-12-02 21:47:54] 爱仕达的...
2024-12-02 21:47:56,251 - printer - INFO - 成功打印内容: [2024-12-02 21:47:56] 111...
2024-12-02 21:47:57,226 - printer - INFO - 成功打印内容: [2024-12-02 21:47:57] 11...
2024-12-02 21:47:57,618 - printer - INFO - 成功打印内容: [2024-12-02 21:47:57] 11...
2024-12-02 21:47:57,840 - printer - INFO - 成功打印内容: [2024-12-02 21:47:57] 1...
2024-12-02 21:47:58,007 - printer - INFO - 成功打印内容: [2024-12-02 21:47:58] 1...
2024-12-02 21:48:00,856 - printer - INFO - 成功打印内容: [2024-12-02 21:48:00] 好的...
2024-12-02 21:48:07,304 - printer - INFO - 成功打印内容: [2024-12-02 21:48:07] ca ca ca ca...
2024-12-02 21:48:11,972 - printer - INFO - 成功打印内容: [2024-12-02 21:48:11] 测试...
2024-12-02 21:48:13,126 - printer - INFO - 成功打印内容: [2024-12-02 21:48:13] 测试...
2024-12-02 21:48:14,553 - printer - INFO - 成功打印内容: [2024-12-02 21:48:14] 123...
2024-12-02 21:48:43,407 - printer - INFO - 正在连接打印机 192.168.1.200:9100
2024-12-02 21:48:43,413 - printer - INFO - 打印机初始化完成
2024-12-02 21:48:43,413 - printer - INFO - 打印机连接成功
2024-12-02 21:48:45,471 - printer - INFO - 成功打印内容: [2024-12-02 21:48:45] asd...
2024-12-02 21:48:50,495 - printer - INFO - 成功打印内容: [2024-12-02 21:48:50] 测试...
2024-12-02 21:48:53,552 - printer - INFO - 成功打印内容: [2024-12-02 21:48:53] asd...
2024-12-02 21:48:59,355 - printer - INFO - 成功打印内容: [2024-12-02 21:48:59] 123312...
2024-12-02 21:51:37,137 - printer - INFO - 正在连接打印机 192.168.1.200:9100
2024-12-02 21:51:37,140 - printer - INFO - 打印机初始化完成
2024-12-02 21:51:37,140 - printer - INFO - 打印机连接成功
2024-12-02 21:51:42,703 - printer - INFO - 成功打印内容: [2024-12-02 21:51:42] 你好啊...
2024-12-02 21:52:07,613 - printer - INFO - 正在连接打印机 192.168.1.200:9100
2024-12-02 21:52:07,620 - printer - INFO - 打印机初始化完成
2024-12-02 21:52:07,620 - printer - INFO - 打印机连接成功
2024-12-02 21:52:11,703 - printer - INFO - 成功打印内容: [2024-12-02 21:52:11] s1...
2024-12-02 21:53:26,187 - printer - INFO - 正在连接打印机 192.168.1.200:9100
2024-12-02 21:53:26,191 - printer - INFO - 打印机初始化完成
2024-12-02 21:53:26,191 - printer - INFO - 打印机连接成功
2024-12-02 21:53:27,903 - printer - ERROR - 打印机错误 - 打印错误: 'Network' object has no attribute 'printer'
2024-12-02 21:53:31,481 - printer - INFO - 正在连接打印机 192.168.1.200:9100
2024-12-02 21:53:31,489 - printer - INFO - 打印机初始化完成
2024-12-02 21:53:31,489 - printer - INFO - 打印机连接成功
2024-12-02 21:53:33,630 - printer - ERROR - 打印机错误 - 打印错误: 'Network' object has no attribute 'printer'
2024-12-02 21:53:56,012 - printer - INFO - 正在连接打印机 192.168.1.200:9100
2024-12-02 21:53:56,015 - printer - INFO - 打印机初始化完成
2024-12-02 21:53:56,015 - printer - INFO - 打印机连接成功
2024-12-02 21:53:58,031 - printer - INFO - 成功打印内容: [2024-12-02 21:53:58] asd...
2024-12-02 21:54:00,807 - printer - INFO - 成功打印内容: [2024-12-02 21:54:00] 111...
2024-12-02 21:54:02,450 - printer - INFO - 成功打印内容: [2024-12-02 21:54:02] ad...
2024-12-02 21:54:03,835 - printer - INFO - 成功打印内容: [2024-12-02 21:54:03] 111...
2024-12-02 21:54:44,581 - printer - INFO - 正在连接打印机 192.168.1.200:9100
2024-12-02 21:54:44,585 - printer - INFO - 打印机初始化完成
2024-12-02 21:54:44,586 - printer - INFO - 打印机连接成功
2024-12-02 21:55:59,499 - printer - INFO - 正在连接打印机 192.168.1.200:9100
2024-12-02 21:55:59,503 - printer - INFO - 打印机连接成功
2024-12-02 21:56:06,466 - printer - INFO - 正在连接打印机 192.168.1.200:9100
2024-12-02 21:56:06,474 - printer - INFO - 打印机连接成功
2024-12-02 21:56:20,933 - printer - INFO - 正在连接打印机 192.168.1.200:9100
2024-12-02 21:56:20,936 - printer - INFO - 打印机连接成功
2024-12-02 21:58:27,823 - printer - INFO - 正在连接打印机 192.168.1.200:9100
2024-12-02 21:58:27,832 - printer - INFO - 打印机连接成功
2024-12-02 21:59:21,295 - printer - INFO - 正在连接打印机 192.168.1.200:9100
2024-12-02 21:59:21,299 - printer - INFO - 打印机初始化完成
2024-12-02 21:59:21,300 - printer - INFO - 打印机连接成功
2024-12-02 21:59:24,360 - printer - ERROR - 打印机错误 - 打印错误: can't concat str to bytes
2024-12-02 21:59:29,059 - printer - INFO - 正在连接打印机 192.168.1.200:9100
2024-12-02 21:59:29,064 - printer - INFO - 打印机初始化完成
2024-12-02 21:59:29,064 - printer - INFO - 打印机连接成功
2024-12-02 21:59:38,610 - printer - INFO - 正在连接打印机 192.168.1.200:9100
2024-12-02 21:59:38,616 - printer - INFO - 打印机初始化完成
2024-12-02 21:59:38,616 - printer - INFO - 打印机连接成功
2024-12-02 22:00:01,059 - printer - INFO - 正在连接打印机 192.168.1.200:9100
2024-12-02 22:00:01,063 - printer - INFO - 打印机初始化完成
2024-12-02 22:00:01,063 - printer - INFO - 打印机连接成功
2024-12-02 22:00:03,798 - printer - ERROR - 打印机错误 - 打印错误: can't concat str to bytes
2024-12-02 22:00:37,746 - printer - INFO - 正在连接打印机 192.168.1.200:9100
2024-12-02 22:00:37,752 - printer - INFO - 打印机初始化完成
2024-12-02 22:00:37,752 - printer - INFO - 打印机连接成功
2024-12-02 22:00:39,990 - printer - INFO - 成功打印内容: [2024-12-02 22:00:39] asd...
2024-12-02 22:00:42,734 - printer - INFO - 成功打印内容: [2024-12-02 22:00:42] asd...
2024-12-02 22:00:43,440 - printer - INFO - 成功打印内容: [2024-12-02 22:00:43] asd...
2024-12-02 22:00:44,413 - printer - INFO - 成功打印内容: [2024-12-02 22:00:44] aasd...
2024-12-02 22:00:46,244 - printer - INFO - 成功打印内容: [2024-12-02 22:00:46] 哈哈哈...
2024-12-02 22:00:47,475 - printer - INFO - 成功打印内容: [2024-12-02 22:00:47] 哈哈哈...
2024-12-02 22:00:48,706 - printer - INFO - 成功打印内容: [2024-12-02 22:00:48] 叫姐姐...
2024-12-02 22:00:50,358 - printer - INFO - 成功打印内容: [2024-12-02 22:00:50] 叫姐姐...
2024-12-02 22:00:51,915 - printer - INFO - 成功打印内容: [2024-12-02 22:00:51] 拉屎开了打开；收到了；1...
2024-12-02 22:00:54,314 - printer - INFO - 成功打印内容: [2024-12-02 22:00:54] 卡仕达 sd 卡...
2024-12-02 22:00:58,515 - printer - INFO - 成功打印内容: [2024-12-02 22:00:58] 安师大；是的觉得加上打算难道是倒是大叔大婶的...
2024-12-02 22:01:45,268 - printer - INFO - 正在连接打印机 192.168.1.200:9100
2024-12-02 22:01:45,272 - printer - INFO - 打印机初始化完成
2024-12-02 22:01:45,272 - printer - INFO - 打印机连接成功
2024-12-02 22:01:48,769 - printer - INFO - 成功打印内容: [2024-12-02 22:01:48] 你好啊...
2024-12-02 22:02:00,319 - printer - INFO - 正在连接打印机 192.168.1.200:9100
2024-12-02 22:02:00,324 - printer - INFO - 打印机初始化完成
2024-12-02 22:02:00,324 - printer - INFO - 打印机连接成功
2024-12-02 22:02:03,362 - printer - INFO - 成功打印内容: [2024-12-02 22:02:03] 年号...
2024-12-02 22:02:06,329 - printer - INFO - 成功打印内容: [2024-12-02 22:02:06] 测试...
2024-12-02 22:02:16,562 - printer - ERROR - 打印机错误 - 打印错误: 'gb2312' codec can't encode character '\xa5' in position 60: illegal multibyte sequence
2024-12-02 22:02:25,083 - printer - INFO - 成功打印内容: [2024-12-02 22:02:25] I am looking to use this lib...
2024-12-02 22:02:57,713 - printer - INFO - 正在连接打印机 192.168.1.200:9100
2024-12-02 22:02:57,716 - printer - INFO - 打印机初始化完成
2024-12-02 22:02:57,716 - printer - INFO - 打印机连接成功
2024-12-02 22:07:28,054 - printer - INFO - 正在连接打印机 192.168.1.200:9100
2024-12-02 22:07:28,060 - printer - INFO - 打印机初始化完成
2024-12-02 22:07:28,060 - printer - INFO - 打印机连接成功
2024-12-02 22:09:17,311 - printer - INFO - 正在连接打印机 192.168.1.200:9100
2024-12-02 22:09:17,314 - printer - INFO - 打印机初始化完成
2024-12-02 22:09:17,314 - printer - INFO - 打印机连接成功
2024-12-02 22:09:19,944 - printer - INFO - 成功打印内容: [2024-12-02 22:09:19] ccc...
2024-12-02 22:09:21,890 - printer - INFO - 成功打印内容: [2024-12-02 22:09:21] asdasd...
2024-12-02 22:09:22,205 - printer - INFO - 成功打印内容: [2024-12-02 22:09:22] asd...
2024-12-02 22:09:22,339 - printer - INFO - 成功打印内容: [2024-12-02 22:09:22] a...
2024-12-02 22:09:22,520 - printer - INFO - 成功打印内容: [2024-12-02 22:09:22] sd...
2024-12-02 22:09:22,700 - printer - INFO - 成功打印内容: [2024-12-02 22:09:22] asd...
2024-12-02 22:09:22,849 - printer - INFO - 成功打印内容: [2024-12-02 22:09:22] a...
2024-12-02 22:09:26,466 - printer - ERROR - 打印机错误 - 条形码打印错误: No Barcode code was supplied (Barcode 'sda' not in a valid format for type 'CODE128')
2024-12-02 22:09:32,024 - printer - INFO - 成功打印二维码: sda...
2024-12-02 22:09:38,242 - printer - ERROR - 打印机错误 - 条形码打印错误: No Barcode code was supplied (Barcode '123321' not in a valid format for type 'CODE128')
2024-12-02 22:09:51,590 - printer - INFO - 成功打印图片
2024-12-02 22:10:02,512 - printer - ERROR - 打印机错误 - 条形码打印错误: No Barcode code was supplied (Barcode '111312' not in a valid format for type 'CODE128')
2024-12-02 22:10:08,113 - printer - ERROR - 打印机错误 - 条形码打印错误: No Barcode code was supplied (Barcode '111312' not in a valid format for type 'CODE128')
2024-12-02 22:11:42,193 - printer - INFO - 正在连接打印机 192.168.1.200:9100
2024-12-02 22:11:42,197 - printer - INFO - 打印机初始化完成
2024-12-02 22:11:42,198 - printer - INFO - 打印机连接成功
2024-12-02 22:11:46,745 - printer - ERROR - 打印机错误 - 条形码打印错误: No Barcode code was supplied (Barcode '312' not in a valid format for type 'CODE128')
